autoscan: warning: missing AC_CHECK_FUNCS([floor]) wanted by: 
	cmds.c:4476
	cmds1.c:612
	cmds1.c:628
	drawwin.c:296
	drawwin.c:297
autoscan: warning: missing AC_CHECK_FUNCS([pow]) wanted by: 
	array.c:189
	array.c:200
	cmds.c:2309
	cmds.c:3347
	drawwin.c:112
	drawwin.c:127
	drawwin.c:142
	drawwin.c:154
	drawwin.c:166
	drawwin.c:178
	drawwin.c:299
	drawwin.c:299
	drawwin.c:300
	drawwin.c:300
	drawwin.c:316
	drawwin.c:324
	drawwin.c:331
	drawwin.c:332
	drawwin.c:347
	drawwin.c:355
	drawwin.c:371
	drawwin.c:379
	drawwin.c:385
	drawwin.c:387
	drawwin.c:398
	drawwin.c:406
	func.c:11
	func.c:19
	func.c:27
	func.c:40
	func.c:41
	func.c:52
	func.c:52
	func.c:54
	func.c:62
	func.c:102
	func.c:102
	func.c:102
	perrfl.c:37
	perrfl.c:38
	qi_look.c:54
	qi_look.c:264
	special.c:93
	tpulsel.c:47
	tpulsel.c:86
autoscan: warning: missing AC_CHECK_FUNCS([sqrt]) wanted by: 
	cmds.c:3690
	func.c:28
	func.c:50
	func.c:50
	func.c:62
	mouse.c:305
	mouse.c:684
	mouse.c:690
	perrfl.c:35
	perrfl.c:41
	perrfl.c:63
	perrfl.c:75
	perrfl.c:86
	qi_look.c:54
	qi_look.c:395
	qi_look.c:407
	qi_look.c:407
	qi_look.c:649
	qi_look.c:720
	qi_look.c:1470
	qi_look.c:1470
	qi_look.c:1511
	qi_look.c:1540
	simplexl.c:438
	simplexl.c:438
	simplexl.c:439
	simplexl.c:439
	special.c:14
	special.c:44
	special.c:45
	special.c:47
	special.c:52
	special.c:56
	special.c:57
	special.c:72
	special.c:95
autoscan: warning: missing AC_CHECK_FUNCS([strchr]) wanted by: 
	cmds.c:3754
	rs_fric_tool.c:101
autoscan: warning: missing AC_CHECK_FUNCS([strcspn]) wanted by: 
	main.c:808
autoscan: warning: missing AC_CHECK_HEADERS([fcntl.h]) wanted by: 
	cmds.c:6
autoscan: warning: missing AC_CHECK_HEADERS([sys/file.h]) wanted by: 
	cmds.c:3
	cmds1.c:3
	event.c:2
	rs_fric_tool.c:17
autoscan: warning: missing AC_CHECK_HEADERS([sys/timeb.h]) wanted by: 
	qi_look.c:20
	simplexl.c:41
autoscan: warning: missing AC_FUNC_ERROR_AT_LINE wanted by: 
	simplexl.c:201
	simplexl.c:250
	simplexl.c:259
	simplexl.c:282
	simplexl.c:432
	simplexl.c:450
	simplexl.c:639
	simplexl.c:699
	simplexl.h:16
autoscan: warning: missing AC_FUNC_MALLOC wanted by: 
	array.c:221
	array.c:257
	can.c:312
	cmds.c:1275
	cmds.c:1276
	cmds.c:1277
	cmds.c:1278
	cmds.c:1279
	cmds.c:1280
	cmds.c:3953
	cmds.c:3954
	cmds.c:3955
	cmds1.c:441
	cmds1.c:674
	cmds1.c:675
	filtersm.c:322
	main.c:1324
	main.c:1328
	main.c:1329
	mouse.c:655
	nrutil.c:30
	nrutil.c:40
	nrutil.c:50
	nrutil.c:63
	nrutil.c:68
	nrutil.c:81
	nrutil.c:86
	nrutil.c:98
	nrutil.c:103
	nrutil.c:119
	nrutil.c:202
	qi_look.c:83
	qi_look.c:589
	qi_look.c:593
	qi_look.c:664
	qi_look.c:665
	qi_look.c:666
	qi_look.c:667
	qi_look.c:668
	qi_look.c:669
	qi_look.c:670
	qi_look.c:671
	qi_look.c:672
	qi_look.c:1493
	qi_look.c:1731
	special.c:112
autoscan: warning: missing AC_FUNC_REALLOC wanted by: 
	look_funcs.c:69
	look_funcs.c:97
	look_funcs.c:98
autoscan: warning: missing AC_PATH_X wanted by: 
	can.c:6
	cmds1.c:5
	drawwin.c:3
	event.c:4
	main.c:4
	menus.c:4
	messages.c:3
	mouse.c:3
	notices.c:3
	rs_fric_tool.c:19
	strcmd.c:4
autoscan: warning: missing AC_TYPE_UINT32_T wanted by: 
	asc2look.c:203
	lv2look.c:500
